<?xml version="1.0" encoding="UTF-8" ?>
<testsuites>
  <testsuite errors="0" failures="0" hostname="wh-PC" id="0" name="MyLinkedListTest" package="com.ant" skipped="0" tests="3" time="0.049" timestamp="2016-11-29T02:20:38">
      <properties>
[...]
</properties>

      <testcase classname="com.ant.MyLinkedListTest" name="testAddE" time="0.003" />

      <testcase classname="com.ant.MyLinkedListTest" name="testPush" time="0.0" />

      <testcase classname="com.ant.MyLinkedListTest" name="testRemoveObject" time="0.0" />

      <system-out><![CDATA[]]></system-out>

      <system-err><![CDATA[]]></system-err>

  </testsuite>
</testsuites>
