<?xml version="1.0" encoding="UTF-8" ?>
<testsuite errors="0" failures="0" hostname="wh-PC" name="com.ant.MyLinkedListTest" skipped="0" tests="3" time="0.053" timestamp="2016-11-28T14:57:36">
  <properties>
[...]
</properties>
  <testcase classname="com.ant.MyLinkedListTest" name="testAddE" time="0.003" />
  <testcase classname="com.ant.MyLinkedListTest" name="testPush" time="0.0" />
  <testcase classname="com.ant.MyLinkedListTest" name="testRemoveObject" time="0.0" />
  <system-out><![CDATA[]]></system-out>
  <system-err><![CDATA[]]></system-err>
</testsuite>
